0 info it worked if it ends with ok
1 verbose cli [ '/usr/bin/nodejs', '/usr/bin/npm', 'publish' ]
2 info using npm@3.8.6
3 info using node@v5.12.0
4 verbose publish [ '.' ]
5 silly cache add args [ '.', null ]
6 verbose cache add spec .
7 silly cache add parsed spec Result {
7 silly cache add   raw: '.',
7 silly cache add   scope: null,
7 silly cache add   name: null,
7 silly cache add   rawSpec: '.',
7 silly cache add   spec: '/home/rudy/Escritorio/tfg/rudolf-cicko-17',
7 silly cache add   type: 'directory' }
8 verbose addLocalDirectory /home/rudy/.npm/gitbook-setup/1.0.25/package.tgz not in flight; packing
9 verbose correctMkdir /home/rudy/.npm correctMkdir not in flight; initializing
10 info lifecycle gitbook-setup@1.0.25~prepublish: gitbook-setup@1.0.25
11 silly lifecycle gitbook-setup@1.0.25~prepublish: no script for prepublish, continuing
12 verbose tar pack [ '/home/rudy/.npm/gitbook-setup/1.0.25/package.tgz',
12 verbose tar pack   '/home/rudy/Escritorio/tfg/rudolf-cicko-17' ]
13 verbose tarball /home/rudy/.npm/gitbook-setup/1.0.25/package.tgz
14 verbose folder /home/rudy/Escritorio/tfg/rudolf-cicko-17
15 verbose addLocalTarball adding from inside cache /home/rudy/.npm/gitbook-setup/1.0.25/package.tgz
16 verbose correctMkdir /home/rudy/.npm correctMkdir not in flight; initializing
17 silly cache afterAdd gitbook-setup@1.0.25
18 verbose afterAdd /home/rudy/.npm/gitbook-setup/1.0.25/package/package.json not in flight; writing
19 verbose correctMkdir /home/rudy/.npm correctMkdir not in flight; initializing
20 verbose afterAdd /home/rudy/.npm/gitbook-setup/1.0.25/package/package.json written
21 silly publish { name: 'gitbook-setup',
21 silly publish   version: '1.0.25',
21 silly publish   description: 'This is my first node package that will be for setup gitbook.',
21 silly publish   main: './bin/gitbook-setup.js',
21 silly publish   bin: { 'gitbook-setup': './bin/gitbook-setup.js' },
21 silly publish   scripts: { test: 'gulp test' },
21 silly publish   repository:
21 silly publish    { type: 'git',
21 silly publish      url: 'git+https://github.com/ULL-ESIT-GRADOII-TFG/rudolf-cicko-17.git' },
21 silly publish   keywords: [ 'gitbook' ],
21 silly publish   author: { name: 'Rudolf Cicko' },
21 silly publish   contributors:
21 silly publish    [ { name: 'Casiano Rodríguez León',
21 silly publish        email: 'casiano.rodriguez.leon@gmail.com',
21 silly publish        url: 'https://www.npmjs.com/~crguezl' } ],
21 silly publish   dependencies:
21 silly publish    { contributor: '0.1.x',
21 silly publish      gitbook: '^3.2.2',
21 silly publish      minimist: '^1.2.0',
21 silly publish      path: '^0.12.7',
21 silly publish      'shell-task': '^1.0.0' },
21 silly publish   license: 'ISC',
21 silly publish   bugs: { url: 'https://github.com/ULL-ESIT-GRADOII-TFG/rudolf-cicko-17/issues' },
21 silly publish   homepage: 'https://www.npmjs.com/package/gitbook-setup',
21 silly publish   readme: '\n\n### Welcome to the gitbook-setup package\n\nIf you want to create a book you just have to execute\n\n```bash\n> node createbook <book_name>\n```\n',
21 silly publish   readmeFilename: 'README.md',
21 silly publish   gitHead: '43b0e7c623caf98047bf45e45311e25262421190',
21 silly publish   _id: 'gitbook-setup@1.0.25',
21 silly publish   _shasum: '9a824b0944106ac95770ee44f056e1693c397146',
21 silly publish   _from: '.' }
22 verbose getPublishConfig undefined
23 silly mapToRegistry name gitbook-setup
24 silly mapToRegistry using default registry
25 silly mapToRegistry registry https://registry.npmjs.org/
26 silly mapToRegistry data Result {
26 silly mapToRegistry   raw: 'gitbook-setup',
26 silly mapToRegistry   scope: null,
26 silly mapToRegistry   name: 'gitbook-setup',
26 silly mapToRegistry   rawSpec: '',
26 silly mapToRegistry   spec: 'latest',
26 silly mapToRegistry   type: 'tag' }
27 silly mapToRegistry uri https://registry.npmjs.org/gitbook-setup
28 verbose publish registryBase https://registry.npmjs.org/
29 silly publish uploading /home/rudy/.npm/gitbook-setup/1.0.25/package.tgz
30 verbose request uri https://registry.npmjs.org/gitbook-setup
31 verbose request sending authorization for write operation
32 info attempt registry request try #1 at 14:15:36
33 verbose request using bearer token for auth
34 verbose request id 67ba584b7f5729ea
35 http request PUT https://registry.npmjs.org/gitbook-setup
36 http 403 https://registry.npmjs.org/gitbook-setup
37 verbose headers { 'content-type': 'application/json',
37 verbose headers   'cache-control': 'max-age=300',
37 verbose headers   'content-length': '96',
37 verbose headers   'accept-ranges': 'bytes',
37 verbose headers   date: 'Wed, 15 Feb 2017 14:15:37 GMT',
37 verbose headers   via: '1.1 varnish',
37 verbose headers   connection: 'keep-alive',
37 verbose headers   'x-served-by': 'cache-mad9435-MAD',
37 verbose headers   'x-cache': 'MISS',
37 verbose headers   'x-cache-hits': '0',
37 verbose headers   'x-timer': 'S1487168136.482586,VS0,VE1033',
37 verbose headers   vary: 'Accept-Encoding' }
38 verbose request invalidating /home/rudy/.npm/registry.npmjs.org/gitbook-setup on PUT
39 error publish Failed PUT 403
40 verbose stack Error: "You cannot publish over the previously published version 1.0.25." : gitbook-setup
40 verbose stack     at makeError (/usr/lib/node_modules/npm/node_modules/npm-registry-client/lib/request.js:264:12)
40 verbose stack     at CachingRegistryClient.<anonymous> (/usr/lib/node_modules/npm/node_modules/npm-registry-client/lib/request.js:252:14)
40 verbose stack     at Request._callback (/usr/lib/node_modules/npm/node_modules/npm-registry-client/lib/request.js:172:14)
40 verbose stack     at Request.self.callback (/usr/lib/node_modules/npm/node_modules/request/request.js:199:22)
40 verbose stack     at emitTwo (events.js:100:13)
40 verbose stack     at Request.emit (events.js:185:7)
40 verbose stack     at Request.<anonymous> (/usr/lib/node_modules/npm/node_modules/request/request.js:1036:10)
40 verbose stack     at emitOne (events.js:95:20)
40 verbose stack     at Request.emit (events.js:182:7)
40 verbose stack     at IncomingMessage.<anonymous> (/usr/lib/node_modules/npm/node_modules/request/request.js:963:12)
41 verbose statusCode 403
42 verbose pkgid gitbook-setup
43 verbose cwd /home/rudy/Escritorio/tfg/rudolf-cicko-17
44 error Linux 4.4.0-62-generic
45 error argv "/usr/bin/nodejs" "/usr/bin/npm" "publish"
46 error node v5.12.0
47 error npm  v3.8.6
48 error code E403
49 error "You cannot publish over the previously published version 1.0.25." : gitbook-setup
50 error If you need help, you may report this error at:
50 error     <https://github.com/npm/npm/issues>
51 verbose exit [ 1, true ]
